<?xml version="1.0" encoding="UTF-8"?>
<testsuite xmlns:xsi="http://www.w3.org/2001/XMLSchema-instance" xsi:noNamespaceSchemaLocation="https://maven.apache.org/surefire/maven-surefire-plugin/xsd/surefire-test-report-3.0.xsd" version="3.0" name="cucumber.Options.TestRunner" time="10.032" tests="3" errors="0" skipped="0" failures="0">
  <properties>
[...]
</properties>
  <testcase name="verify if the email is correct in the comments added by the given user" classname="Validating User post comments and albums" time="8.549">
    <system-out><![CDATA[
Scenario Outline: verify if the email is correct in the comments added by the given user # src/test/java/features/PlaceValidation.feature:12
  Given get the list of users with "GetUserAPI"                                          # stepDefinations.StepDefination.add_place_payload(java.lang.String)
Kamren
  When retreive userID "Kamren"                                                          # stepDefinations.StepDefination.retreive_user_something(java.lang.String)
  And get the posts from the user with "GetPostAPI"                                      # stepDefinations.StepDefination.get_the_posts_from_the_user_with(java.lang.String)
10
[Lucio@gladys.tv, Shemar@ewell.name, Jackeline@eva.tv, Marianna_Wilkinson@rupert.io, Marcia@name.biz, Jeremy.Harann@waino.me, Pearlie.Kling@sandy.com, Manuela_Stehr@chelsie.tv, Camryn.Weimann@doris.io, Kiana_Predovic@yasmin.io]
  And retreive the "email" from comments using "GetCommentAPI"                           # stepDefinations.StepDefination.retreive_the_email_from_comments_using_something(java.lang.String,java.lang.String)
  Then email validation is success                                                       # stepDefinations.StepDefination.email_validation_is_success()
]]></system-out>
  </testcase>
  <testcase name="verify the respone code is 200 while retreiving the userdata" classname="Validating User post comments and albums" time="0.187">
    <system-out><![CDATA[
Scenario: verify the respone code is 200 while retreiving the userdata # src/test/java/features/PlaceValidation.feature:15
  Given get the list of users with "GetUserAPI"                        # stepDefinations.StepDefination.add_place_payload(java.lang.String)
Bret
  When retreive userID "Bret"                                          # stepDefinations.StepDefination.retreive_user_something(java.lang.String)
200
  Then verify status code in response is 200                           # stepDefinations.StepDefination.verify_the_status_code_in_response_is_something(int)
]]></system-out>
  </testcase>
  <testcase name="Verify the given title is present in albums for the given user and verify expected server name in  header section" classname="Validating User post comments and albums" time="0.81">
    <system-out><![CDATA[
Scenario: Verify the given title is present in albums for the given user and verify expected server name in  header section # src/test/java/features/PlaceValidation.feature:21
  Given get the list of users with "GetUserAPI"                                                                             # stepDefinations.StepDefination.add_place_payload(java.lang.String)
Bret
  When retreive userID "Bret"                                                                                               # stepDefinations.StepDefination.retreive_user_something(java.lang.String)
quidem molestiae enim
sunt qui excepturi placeat culpa
omnis laborum odio
non esse culpa molestiae omnis sed optio
eaque aut omnis a
natus impedit quibusdam illo est
quibusdam autem aliquid et et quia
qui fuga est a eum
saepe unde necessitatibus rem
distinctio laborum qui
[quidem molestiae enim, sunt qui excepturi placeat culpa, omnis laborum odio, non esse culpa molestiae omnis sed optio, eaque aut omnis a, natus impedit quibusdam illo est, quibusdam autem aliquid et et quia, qui fuga est a eum, saepe unde necessitatibus rem, distinctio laborum qui]
  And get the albums from the user with "GetAlbumsAPI"                                                                      # stepDefinations.StepDefination.get_the_albums_from_the_user_with_something(java.lang.String)
  Then verify the title "omnis laborum odio" is present                                                                     # stepDefinations.StepDefination.verify_the_title_something_is_present(java.lang.String)
  And "server" name in response header is "cloudflare"                                                                      # stepDefinations.StepDefination.something_name_in_response_is_something(java.lang.String,java.lang.String)
]]></system-out>
  </testcase>
</testsuite>